TN:
SF:/Users/yosrahelal/Documents/Alyra/Dapp/token_tests/contracts/ERC20.sol
FN:17,constructor
FN:18,totalSupply
FN:21,balanceOf
FN:24,transfer
FN:31,approve
FN:39,allowance
FN:42,transferFrom
FNF:7
FNH:4
FNDA:5,constructor
FNDA:1,totalSupply
FNDA:5,balanceOf
FNDA:1,transfer
FNDA:0,approve
FNDA:0,allowance
FNDA:0,transferFrom
DA:19,1
DA:22,5
DA:25,1
DA:26,1
DA:27,1
DA:28,1
DA:29,1
DA:32,0
DA:33,0
DA:35,0
DA:36,0
DA:37,0
DA:40,0
DA:43,0
DA:44,0
DA:46,0
DA:47,0
DA:48,0
DA:49,0
DA:50,0
LF:20
LH:7
BRDA:25,1,0,1
BRDA:25,1,1,0
BRDA:32,2,0,0
BRDA:32,2,1,0
BRDA:33,3,0,0
BRDA:33,3,1,0
BRDA:43,4,0,0
BRDA:43,4,1,0
BRDA:44,5,0,0
BRDA:44,5,1,0
BRF:10
BRH:1
end_of_record
