{"contracts/ERC20.sol":{"l":{"19":1,"22":5,"25":1,"26":1,"27":1,"28":1,"29":1,"32":0,"33":0,"35":0,"36":0,"37":0,"40":0,"43":0,"44":0,"46":0,"47":0,"48":0,"49":0,"50":0},"path":"/Users/yosrahelal/Documents/Alyra/Dapp/token_tests/contracts/ERC20.sol","s":{"1":5,"2":1,"3":5,"4":1,"5":1,"6":1,"7":1,"8":1,"9":0,"10":0,"11":0,"12":0,"13":0,"14":0,"15":0,"16":0,"17":0,"18":0,"19":0,"20":0,"21":0},"b":{"1":[1,0],"2":[0,0],"3":[0,0],"4":[0,0],"5":[0,0]},"f":{"1":5,"2":1,"3":5,"4":1,"5":0,"6":0,"7":0},"fnMap":{"1":{"name":"constructor","line":17,"loc":{"start":{"line":17,"column":4},"end":{"line":17,"column":21}}},"2":{"name":"totalSupply","line":18,"loc":{"start":{"line":18,"column":4},"end":{"line":18,"column":53}}},"3":{"name":"balanceOf","line":21,"loc":{"start":{"line":21,"column":4},"end":{"line":21,"column":66}}},"4":{"name":"transfer","line":24,"loc":{"start":{"line":24,"column":4},"end":{"line":24,"column":77}}},"5":{"name":"approve","line":31,"loc":{"start":{"line":31,"column":4},"end":{"line":31,"column":74}}},"6":{"name":"allowance","line":39,"loc":{"start":{"line":39,"column":4},"end":{"line":39,"column":83}}},"7":{"name":"transferFrom","line":42,"loc":{"start":{"line":42,"column":4},"end":{"line":42,"column":97}}}},"statementMap":{"1":{"start":{"line":17,"column":25},"end":{"line":17,"column":60}},"2":{"start":{"line":19,"column":8},"end":{"line":19,"column":27}},"3":{"start":{"line":22,"column":8},"end":{"line":22,"column":33}},"4":{"start":{"line":25,"column":8},"end":{"line":25,"column":78}},"5":{"start":{"line":26,"column":8},"end":{"line":26,"column":106}},"6":{"start":{"line":27,"column":8},"end":{"line":27,"column":62}},"7":{"start":{"line":28,"column":8},"end":{"line":28,"column":52}},"8":{"start":{"line":29,"column":8},"end":{"line":29,"column":19}},"9":{"start":{"line":32,"column":8},"end":{"line":32,"column":80}},"10":{"start":{"line":33,"column":8},"end":{"line":33,"column":75}},"11":{"start":{"line":35,"column":8},"end":{"line":35,"column":48}},"12":{"start":{"line":36,"column":8},"end":{"line":36,"column":50}},"13":{"start":{"line":37,"column":8},"end":{"line":37,"column":19}},"14":{"start":{"line":40,"column":8},"end":{"line":40,"column":42}},"15":{"start":{"line":43,"column":8},"end":{"line":43,"column":77}},"16":{"start":{"line":44,"column":8},"end":{"line":44,"column":78}},"17":{"start":{"line":46,"column":8},"end":{"line":46,"column":128}},"18":{"start":{"line":47,"column":8},"end":{"line":47,"column":98}},"19":{"start":{"line":48,"column":8},"end":{"line":48,"column":62}},"20":{"start":{"line":49,"column":8},"end":{"line":49,"column":48}},"21":{"start":{"line":50,"column":8},"end":{"line":50,"column":19}}},"branchMap":{"1":{"line":25,"type":"if","locations":[{"start":{"line":25,"column":8},"end":{"line":25,"column":8}},{"start":{"line":25,"column":8},"end":{"line":25,"column":8}}]},"2":{"line":32,"type":"if","locations":[{"start":{"line":32,"column":8},"end":{"line":32,"column":8}},{"start":{"line":32,"column":8},"end":{"line":32,"column":8}}]},"3":{"line":33,"type":"if","locations":[{"start":{"line":33,"column":8},"end":{"line":33,"column":8}},{"start":{"line":33,"column":8},"end":{"line":33,"column":8}}]},"4":{"line":43,"type":"if","locations":[{"start":{"line":43,"column":8},"end":{"line":43,"column":8}},{"start":{"line":43,"column":8},"end":{"line":43,"column":8}}]},"5":{"line":44,"type":"if","locations":[{"start":{"line":44,"column":8},"end":{"line":44,"column":8}},{"start":{"line":44,"column":8},"end":{"line":44,"column":8}}]}}}}